mode: atomic
github.com/janivihervas/oidc-go/pkg/http/upstream/echo.go:14.65,22.16 7 5
github.com/janivihervas/oidc-go/pkg/http/upstream/echo.go:27.2,28.16 2 5
github.com/janivihervas/oidc-go/pkg/http/upstream/echo.go:22.16,25.3 2 0
github.com/janivihervas/oidc-go/pkg/http/upstream/echo.go:28.16,31.3 2 0
github.com/janivihervas/oidc-go/pkg/http/upstream/echo.go:34.69,36.42 2 5
github.com/janivihervas/oidc-go/pkg/http/upstream/echo.go:40.2,40.36 1 5
github.com/janivihervas/oidc-go/pkg/http/upstream/echo.go:44.2,44.47 1 5
github.com/janivihervas/oidc-go/pkg/http/upstream/echo.go:36.42,38.3 1 0
github.com/janivihervas/oidc-go/pkg/http/upstream/echo.go:40.36,42.3 1 0
github.com/janivihervas/oidc-go/pkg/http/upstream/echo.go:47.57,48.48 1 5
github.com/janivihervas/oidc-go/pkg/http/upstream/echo.go:48.48,50.28 2 1
github.com/janivihervas/oidc-go/pkg/http/upstream/echo.go:50.28,52.4 1 1
github.com/janivihervas/oidc-go/pkg/http/upstream/echo.go:56.57,57.43 1 5
github.com/janivihervas/oidc-go/pkg/http/upstream/echo.go:57.43,59.28 2 2
github.com/janivihervas/oidc-go/pkg/http/upstream/echo.go:59.28,61.4 1 2
github.com/janivihervas/oidc-go/pkg/http/upstream/echo.go:65.57,66.46 1 5
github.com/janivihervas/oidc-go/pkg/http/upstream/echo.go:66.46,68.34 2 1
github.com/janivihervas/oidc-go/pkg/http/upstream/echo.go:68.34,69.21 1 1
github.com/janivihervas/oidc-go/pkg/http/upstream/echo.go:73.4,78.70 6 1
github.com/janivihervas/oidc-go/pkg/http/upstream/echo.go:69.21,70.13 1 0
github.com/janivihervas/oidc-go/pkg/http/upstream/echo.go:83.60,85.16 2 5
github.com/janivihervas/oidc-go/pkg/http/upstream/echo.go:89.2,89.19 1 5
github.com/janivihervas/oidc-go/pkg/http/upstream/echo.go:94.2,94.12 1 5
github.com/janivihervas/oidc-go/pkg/http/upstream/echo.go:85.16,87.3 1 0
github.com/janivihervas/oidc-go/pkg/http/upstream/echo.go:89.19,92.3 2 1
